# JRE version: OpenJDK Runtime Environment (8.0_202) (build 1.8.0_202-release-1483-b49-5587405)
# Java VM: OpenJDK 64-Bit Server VM (25.202-b49-5587405 mixed mode linux-amd64 compressed oops)
Heap:
 PSYoungGen      total 436224K, used 185350K [0x00000000e0000000, 0x0000000100000000, 0x0000000100000000)
  eden space 358400K, 40% used [0x00000000e0000000,0x00000000e8cae8c0,0x00000000f5e00000)
  from space 77824K, 53% used [0x00000000f5e00000,0x00000000f8652f40,0x00000000faa00000)
  to   space 78336K, 0% used [0x00000000fb380000,0x00000000fb380000,0x0000000100000000)
 ParOldGen       total 324608K, used 220199K [0x00000000a0000000, 0x00000000b3d00000, 0x00000000e0000000)
  object space 324608K, 67% used [0x00000000a0000000,0x00000000ad709d40,0x00000000b3d00000)
 Metaspace       used 130027K, capacity 136818K, committed 138328K, reserved 1169408K
  class space    used 15851K, capacity 17067K, committed 17536K, reserved 1048576K
GC Heap History (10 events):
Event: 6508.828 GC heap before
{Heap before GC invocations=55 (full 6):
 PSYoungGen      total 450560K, used 65018K [0x00000000e0000000, 0x0000000100000000, 0x0000000100000000)
  eden space 385536K, 0% used [0x00000000e0000000,0x00000000e0000000,0x00000000f7880000)
  from space 65024K, 99% used [0x00000000f7880000,0x00000000fb7fea20,0x00000000fb800000)
  to   space 73728K, 0% used [0x00000000fb800000,0x00000000fb800000,0x0000000100000000)
 ParOldGen       total 251392K, used 226785K [0x00000000a0000000, 0x00000000af580000, 0x00000000e0000000)
  object space 251392K, 90% used [0x00000000a0000000,0x00000000add78710,0x00000000af580000)
 Metaspace       used 125622K, capacity 133450K, committed 133720K, reserved 1165312K
  class space    used 15516K, capacity 16864K, committed 17024K, reserved 1048576K
Event: 6509.253 GC heap after
Heap after GC invocations=55 (full 6):
 PSYoungGen      total 450560K, used 0K [0x00000000e0000000, 0x0000000100000000, 0x0000000100000000)
  eden space 385536K, 0% used [0x00000000e0000000,0x00000000e0000000,0x00000000f7880000)
  from space 65024K, 0% used [0x00000000f7880000,0x00000000f7880000,0x00000000fb800000)
  to   space 73728K, 0% used [0x00000000fb800000,0x00000000fb800000,0x0000000100000000)
 ParOldGen       total 324608K, used 164843K [0x00000000a0000000, 0x00000000b3d00000, 0x00000000e0000000)
  object space 324608K, 50% used [0x00000000a0000000,0x00000000aa0faf70,0x00000000b3d00000)
 Metaspace       used 123777K, capacity 130214K, committed 133720K, reserved 1165312K
  class space    used 15189K, capacity 16351K, committed 17024K, reserved 1048576K
}
Event: 6510.355 GC heap before
{Heap before GC invocations=56 (full 6):
 PSYoungGen      total 450560K, used 385536K [0x00000000e0000000, 0x0000000100000000, 0x0000000100000000)
  eden space 385536K, 100% used [0x00000000e0000000,0x00000000f7880000,0x00000000f7880000)
  from space 65024K, 0% used [0x00000000f7880000,0x00000000f7880000,0x00000000fb800000)
  to   space 73728K, 0% used [0x00000000fb800000,0x00000000fb800000,0x0000000100000000)
 ParOldGen       total 324608K, used 164843K [0x00000000a0000000, 0x00000000b3d00000, 0x00000000e0000000)
  object space 324608K, 50% used [0x00000000a0000000,0x00000000aa0faf70,0x00000000b3d00000)
 Metaspace       used 124050K, capacity 130490K, committed 133720K, reserved 1165312K
  class space    used 15206K, capacity 16365K, committed 17024K, reserved 1048576K
Event: 6510.388 GC heap after
Heap after GC invocations=56 (full 6):
 PSYoungGen      total 430080K, used 38830K [0x00000000e0000000, 0x0000000100000000, 0x0000000100000000)
  eden space 356352K, 0% used [0x00000000e0000000,0x00000000e0000000,0x00000000f5c00000)
  from space 73728K, 52% used [0x00000000fb800000,0x00000000fddebaf0,0x0000000100000000)
  to   space 83968K, 0% used [0x00000000f5c00000,0x00000000f5c00000,0x00000000fae00000)
 ParOldGen       total 324608K, used 164851K [0x00000000a0000000, 0x00000000b3d00000, 0x00000000e0000000)
  object space 324608K, 50% used [0x00000000a0000000,0x00000000aa0fcf70,0x00000000b3d00000)
 Metaspace       used 124050K, capacity 130490K, committed 133720K, reserved 1165312K
  class space    used 15206K, capacity 16365K, committed 17024K, reserved 1048576K
}
Event: 6511.757 GC heap before
{Heap before GC invocations=57 (full 6):
 PSYoungGen      total 430080K, used 395182K [0x00000000e0000000, 0x0000000100000000, 0x0000000100000000)
  eden space 356352K, 100% used [0x00000000e0000000,0x00000000f5c00000,0x00000000f5c00000)
  from space 73728K, 52% used [0x00000000fb800000,0x00000000fddebaf0,0x0000000100000000)
  to   space 83968K, 0% used [0x00000000f5c00000,0x00000000f5c00000,0x00000000fae00000)
 ParOldGen       total 324608K, used 164867K [0x00000000a0000000, 0x00000000b3d00000, 0x00000000e0000000)
  object space 324608K, 50% used [0x00000000a0000000,0x00000000aa100f90,0x00000000b3d00000)
 Metaspace       used 124149K, capacity 130568K, committed 133720K, reserved 1165312K
  class space    used 15213K, capacity 16376K, committed 17024K, reserved 1048576K
Event: 6511.786 GC heap after
Heap after GC invocations=57 (full 6):
 PSYoungGen      total 440320K, used 8225K [0x00000000e0000000, 0x0000000100000000, 0x0000000100000000)
  eden space 356352K, 0% used [0x00000000e0000000,0x00000000e0000000,0x00000000f5c00000)
  from space 83968K, 9% used [0x00000000f5c00000,0x00000000f6408548,0x00000000fae00000)
  to   space 81920K, 0% used [0x00000000fb000000,0x00000000fb000000,0x0000000100000000)
 ParOldGen       total 324608K, used 196763K [0x00000000a0000000, 0x00000000b3d00000, 0x00000000e0000000)
  object space 324608K, 60% used [0x00000000a0000000,0x00000000ac026d88,0x00000000b3d00000)
 Metaspace       used 124149K, capacity 130568K, committed 133720K, reserved 1165312K
  class space    used 15213K, capacity 16376K, committed 17024K, reserved 1048576K
}
Event: 6594.925 GC heap before
{Heap before GC invocations=58 (full 6):
 PSYoungGen      total 440320K, used 364577K [0x00000000e0000000, 0x0000000100000000, 0x0000000100000000)
  eden space 356352K, 100% used [0x00000000e0000000,0x00000000f5c00000,0x00000000f5c00000)
  from space 83968K, 9% used [0x00000000f5c00000,0x00000000f6408548,0x00000000fae00000)
  to   space 81920K, 0% used [0x00000000fb000000,0x00000000fb000000,0x0000000100000000)
 ParOldGen       total 324608K, used 196766K [0x00000000a0000000, 0x00000000b3d00000, 0x00000000e0000000)
  object space 324608K, 60% used [0x00000000a0000000,0x00000000ac027908,0x00000000b3d00000)
 Metaspace       used 125061K, capacity 131736K, committed 133720K, reserved 1165312K
  class space    used 15358K, capacity 16548K, committed 17024K, reserved 1048576K
Event: 6594.957 GC heap after
Heap after GC invocations=58 (full 6):
 PSYoungGen      total 430080K, used 30146K [0x00000000e0000000, 0x00000000ff600000, 0x0000000100000000)
  eden space 358400K, 0% used [0x00000000e0000000,0x00000000e0000000,0x00000000f5e00000)
  from space 71680K, 42% used [0x00000000fb000000,0x00000000fcd70a58,0x00000000ff600000)
  to   space 77824K, 0% used [0x00000000f5e00000,0x00000000f5e00000,0x00000000faa00000)
 ParOldGen       total 324608K, used 197297K [0x00000000a0000000, 0x00000000b3d00000, 0x00000000e0000000)
  object space 324608K, 60% used [0x00000000a0000000,0x00000000ac0ac438,0x00000000b3d00000)
 Metaspace       used 125061K, capacity 131736K, committed 133720K, reserved 1165312K
  class space    used 15358K, capacity 16548K, committed 17024K, reserved 1048576K
}
Event: 6596.226 GC heap before
{Heap before GC invocations=59 (full 6):
 PSYoungGen      total 430080K, used 388546K [0x00000000e0000000, 0x00000000ff600000, 0x0000000100000000)
  eden space 358400K, 100% used [0x00000000e0000000,0x00000000f5e00000,0x00000000f5e00000)
  from space 71680K, 42% used [0x00000000fb000000,0x00000000fcd70a58,0x00000000ff600000)
  to   space 77824K, 0% used [0x00000000f5e00000,0x00000000f5e00000,0x00000000faa00000)
 ParOldGen       total 324608K, used 197297K [0x00000000a0000000, 0x00000000b3d00000, 0x00000000e0000000)
  object space 324608K, 60% used [0x00000000a0000000,0x00000000ac0ac438,0x00000000b3d00000)
 Metaspace       used 129943K, capacity 136730K, committed 138328K, reserved 1169408K
  class space    used 15848K, capacity 17063K, committed 17536K, reserved 1048576K
Event: 6596.286 GC heap after
Heap after GC invocations=59 (full 6):
 PSYoungGen      total 436224K, used 41291K [0x00000000e0000000, 0x0000000100000000, 0x0000000100000000)
  eden space 358400K, 0% used [0x00000000e0000000,0x00000000e0000000,0x00000000f5e00000)
  from space 77824K, 53% used [0x00000000f5e00000,0x00000000f8652f40,0x00000000faa00000)
  to   space 78336K, 0% used [0x00000000fb380000,0x00000000fb380000,0x0000000100000000)
 ParOldGen       total 324608K, used 220199K [0x00000000a0000000, 0x00000000b3d00000, 0x00000000e0000000)
  object space 324608K, 67% used [0x00000000a0000000,0x00000000ad709d40,0x00000000b3d00000)
 Metaspace       used 129943K, capacity 136730K, committed 138328K, reserved 1169408K
  class space    used 15848K, capacity 17063K, committed 17536K, reserved 1048576K
}

